févr. 19, 2024 1:55:07 PM ServiceLogger resultAdded
PLUS PRÉCIS: provider=AnalysisElement(com.ibm.rsar.analysis.xml.core.provider),owner=com.ibm.ws.appconversion.was2liberty.rules.xml.EJBNamingLookupRulelabel=ibm-web-bnd.xmi:4 détecté dans DefaultWebApplication
févr. 19, 2024 1:55:07 PM ServiceLogger resultAdded
PLUS PRÉCIS: provider=AnalysisElement(codereview.java.analysisProvider),owner=was2liberty.rules.java.WebSphereServletRulelabel=HelloPervasiveServlet.java:32 L'API WebSphere Servlet a été remplacée par une implémentation plus récente
févr. 19, 2024 1:55:07 PM ServiceLogger resultAdded
PLUS PRÉCIS: provider=AnalysisElement(com.ibm.rsar.analysis.xml.core.provider),owner=com.ibm.rrd.liberty.rules.impl.xmlreview.DetectEJBEntityBeanslabel=ejb-jar.xml:7 détecté dans Increment
févr. 19, 2024 1:55:07 PM ServiceLogger resultAdded
PLUS PRÉCIS: provider=AnalysisElement(com.ibm.rsar.analysis.xml.core.provider),owner=com.ibm.rrd.liberty.rules.impl.xmlreview.DetectTransactionPropagationEJBRemotelabel=ejb-jar.xml:12 détecté dans Increment
févr. 19, 2024 1:55:07 PM ServiceLogger resultAdded
PLUS PRÉCIS: provider=AnalysisElement(com.ibm.rsar.analysis.xml.core.provider),owner=com.ibm.rrd.liberty.rules.impl.xmlreview.DetectEJB21AndEarlierlabel=ejb-jar.xml:3 détecté dans Increment
févr. 19, 2024 1:55:07 PM ServiceLogger resultAdded
PLUS PRÉCIS: provider=AnalysisElement(com.ibm.rsar.analysis.xml.core.provider),owner=com.ibm.rrd.liberty.rules.impl.xmlreview.DetectEJBRemoteDeflabel=ejb-jar.xml:12 détecté dans Increment
févr. 19, 2024 1:55:07 PM ServiceLogger resultAdded
PLUS PRÉCIS: provider=AnalysisElement(com.ibm.rsar.analysis.xml.core.provider),owner=com.ibm.ws.appconversion.was2liberty.rules.xml.DetectEJBJNDIbindingNamelabel=ibm-ejb-jar-bnd.xmi:4 détecté dans Increment
févr. 19, 2024 1:55:07 PM ServiceLogger resultAdded
PLUS PRÉCIS: provider=AnalysisElement(codereview.java.analysisProvider),owner=appconversion.javaee8.servlet.DetectGetServletPathlabel=SnoopServlet.java:108 Rechercher un changement de comportement dans les méthodes getServletPath et getPathInfo
févr. 19, 2024 1:55:07 PM ServiceLogger resultAdded
PLUS PRÉCIS: provider=AnalysisElement(codereview.java.analysisProvider),owner=appconversion.javaee8.servlet.DetectGetServletPathlabel=SnoopServlet.java:109 Rechercher un changement de comportement dans les méthodes getServletPath et getPathInfo
févr. 19, 2024 1:55:08 PM ServiceLogger resultAdded
PLUS PRÉCIS: provider=AnalysisElement(codereview.java.analysisProvider),owner=was2liberty.rules.java.Axis2Rulelabel=SnoopServlet.java:31 L'API Apache Axis2 n'est pas disponible
févr. 19, 2024 1:55:08 PM ServiceLogger resultAdded
PLUS PRÉCIS: provider=AnalysisElement(com.ibm.ws.appconversion.file.FileAnalysisProvider),owner=com.ibm.ws.appconversion.javaee.ee7.cdi.rules.file.MissingBeansXmlRulelabel=WEB-INF:0 CDI recherche des beans implicites en l'absence de fichier beans.xml
févr. 19, 2024 1:55:08 PM ServiceLogger resultAdded
PLUS PRÉCIS: provider=AnalysisElement(com.ibm.ws.appconversion.file.FileAnalysisProvider),owner=com.ibm.ws.appconversion.javaee.ee7.cdi.rules.file.MissingBeansXmlRulelabel=META-INF:0 CDI recherche des beans implicites en l'absence de fichier beans.xml
févr. 19, 2024 1:55:08 PM ServiceLogger logRules
PLUS PRÉCIS: com.ibm.ws.appconversion.was2liberty.rules.xml.ActivitySessionRule
févr. 19, 2024 1:55:08 PM ServiceLogger logRules
PLUS PRÉCIS: com.ibm.ws.appconversion.javaee.ee7.jpa.rules.java.NonAnnotatedCollectionAttributes
févr. 19, 2024 1:55:08 PM ServiceLogger logRules
PLUS PRÉCIS: com.ibm.ws.appconversion.javaee.ee7.jpa.rules.java.OrderColumnOnSet
févr. 19, 2024 1:55:08 PM ServiceLogger logRules
PLUS PRÉCIS: com.ibm.ws.appconversion.javaee.ee7.jpa.rules.java.MissingSetterMethod
févr. 19, 2024 1:55:08 PM ServiceLogger logRules
PLUS PRÉCIS: com.ibm.ws.appconversion.file.FileAnalysisProvider
févr. 19, 2024 1:55:08 PM ServiceLogger logRules
PLUS PRÉCIS: javaee7.file.jar.category.CDI
févr. 19, 2024 1:55:08 PM ServiceLogger logRules
PLUS PRÉCIS: com.ibm.rrd.liberty.rules.impl.xmlreview.DetectJavaPortletDescriptor
févr. 19, 2024 1:55:08 PM ServiceLogger logRules
PLUS PRÉCIS: com.ibm.ws.appconversion.javaee.ee7.cdi.rules.xml.BeansXmlElementsNotEnabled
févr. 19, 2024 1:55:08 PM ServiceLogger logRules
PLUS PRÉCIS: com.ibm.ws.appconversion.javaee.ee7.cdi.rules.xml.SessionBeans
févr. 19, 2024 1:55:08 PM ServiceLogger logRules
PLUS PRÉCIS: com.ibm.rrd.liberty.rules.impl.xmlreview.DetectEJBEntityBeans
févr. 19, 2024 1:55:08 PM ServiceLogger logRules
PLUS PRÉCIS: appconversion.was2was.80.behavior.validation
févr. 19, 2024 1:55:08 PM ServiceLogger logRules
PLUS PRÉCIS: was2liberty.jsp.category
févr. 19, 2024 1:55:08 PM ServiceLogger logRules
PLUS PRÉCIS: com.ibm.rrd.liberty.rules.impl.javacodereview.DetectRemoteBundleRepositories
févr. 19, 2024 1:55:08 PM ServiceLogger logRules
PLUS PRÉCIS: com.ibm.rrd.liberty.rules.impl.xmlreview.DetectStubClasses
févr. 19, 2024 1:55:08 PM ServiceLogger logRules
PLUS PRÉCIS: javaee7.xml.category
févr. 19, 2024 1:55:08 PM ServiceLogger logRules
PLUS PRÉCIS: appconversion.was2was.80.impacts.category.file
févr. 19, 2024 1:55:08 PM ServiceLogger logRules
PLUS PRÉCIS: com.ibm.rrd.liberty.rules.impl.javacodereview.DetectSpring
févr. 19, 2024 1:55:08 PM ServiceLogger logRules
PLUS PRÉCIS: com.ibm.ws.appconversion.javaee.ee7.jpa.rules.java.PrivateAccessorTransient
févr. 19, 2024 1:55:08 PM ServiceLogger logRules
PLUS PRÉCIS: com.ibm.ws.appconversion.javaee.ee8.jaxrs.rules.java.DetectJAXRSDateCalTimeNoQuickfix
févr. 19, 2024 1:55:08 PM ServiceLogger logRules
PLUS PRÉCIS: com.ibm.ws.appconversion.javaee.ee8.beanvalidation.rules.xml.ApacheDefaultProvider
févr. 19, 2024 1:55:08 PM ServiceLogger logRules
PLUS PRÉCIS: was2liberty.rules.java.WebSphereUnavailableAPIsLoggingAndRAS
févr. 19, 2024 1:55:08 PM ServiceLogger logRules
PLUS PRÉCIS: appconversion.was2was.80.behavior.server.mbean
févr. 19, 2024 1:55:08 PM ServiceLogger logRules
PLUS PRÉCIS: com.ibm.ws.appconversion.javaee.ee7.jaxrs.rules.java.SSLUse
févr. 19, 2024 1:55:08 PM ServiceLogger logRules
PLUS PRÉCIS: com.ibm.ws.appconversion.javaee.ee7.jpa.rules.java.OpenJpaString
févr. 19, 2024 1:55:08 PM ServiceLogger logRules
PLUS PRÉCIS: javaee7.project.file.category.CDI
févr. 19, 2024 1:55:08 PM ServiceLogger logRules
PLUS PRÉCIS: appconversion.jre.170.JREXSLTProcessorApplet
févr. 19, 2024 1:55:08 PM ServiceLogger logRules
PLUS PRÉCIS: com.ibm.ws.appconversion.javaee.ee7.jaxrs.rules.java.AuthSecurityHandler
févr. 19, 2024 1:55:08 PM ServiceLogger logRules
PLUS PRÉCIS: com.ibm.ws.appconversion.javaee.ee8.jaxrs.rules.java.DetectJAXRSDateCalTimeWithQuickfix
févr. 19, 2024 1:55:08 PM ServiceLogger logRules
PLUS PRÉCIS: javaee7.file.category
févr. 19, 2024 1:55:08 PM ServiceLogger logRules
PLUS PRÉCIS: appconversion.was2was.80.behavior.Web.EJBInWebModule
févr. 19, 2024 1:55:08 PM ServiceLogger logRules
PLUS PRÉCIS: com.ibm.ws.appconversion.was2liberty.rules.java.DetectLookupMethod
févr. 19, 2024 1:55:08 PM ServiceLogger logRules
PLUS PRÉCIS: com.ibm.rrd.liberty.rules.impl.xmlreview.DetectEJBRemoteDef
févr. 19, 2024 1:55:08 PM ServiceLogger logRules
PLUS PRÉCIS: appconversion.javaee8.servlet.DetectGetServletPath
févr. 19, 2024 1:55:08 PM ServiceLogger logRules
PLUS PRÉCIS: was2liberty.xml.category
févr. 19, 2024 1:55:08 PM ServiceLogger logRules
PLUS PRÉCIS: appconversion.was2was.80.behavior.EJB31.ApplicationExceptionAnnotation
févr. 19, 2024 1:55:08 PM ServiceLogger logRules
PLUS PRÉCIS: com.ibm.ws.appconversion.javaee.ee7.servlet.rules.java.SendRedirectBehaviorChange
févr. 19, 2024 1:55:08 PM ServiceLogger logRules
PLUS PRÉCIS: com.ibm.ws.appconversion.was2liberty.rules.file.DetectJARInLibSubfolder
févr. 19, 2024 1:55:08 PM ServiceLogger logRules
PLUS PRÉCIS: com.ibm.rrd.liberty.rules.xsl.technology.profile
févr. 19, 2024 1:55:08 PM ServiceLogger logRules
PLUS PRÉCIS: com.ibm.rrd.liberty.rules.impl.xmlreview.DetectAppClient
févr. 19, 2024 1:55:08 PM ServiceLogger logRules
PLUS PRÉCIS: com.ibm.ws.appconversion.was2liberty.rules.xml.SOAPOverJMSInWSDL
févr. 19, 2024 1:55:08 PM ServiceLogger logRules
PLUS PRÉCIS: was2liberty.rules.java.XMLFeaturePackRule
févr. 19, 2024 1:55:08 PM ServiceLogger logRules
PLUS PRÉCIS: was2liberty.rules.java.WebSphereCommonExceptionRule
févr. 19, 2024 1:55:08 PM ServiceLogger logRules
PLUS PRÉCIS: com.ibm.ws.appconversion.was2liberty.rules.java.JDBCAPIsLibertyCore
févr. 19, 2024 1:55:08 PM ServiceLogger logRules
PLUS PRÉCIS: javaee7.xml.category.CDI
févr. 19, 2024 1:55:08 PM ServiceLogger logRules
PLUS PRÉCIS: com.ibm.ws.appconversion.was2liberty.rules.java.WebSphereWebServicesGeneratedClassesRule
févr. 19, 2024 1:55:08 PM ServiceLogger logRules
PLUS PRÉCIS: appconversion.javaee7.cdi.ImplicitCDIBehaviorChangeJAR
févr. 19, 2024 1:55:08 PM ServiceLogger logRules
PLUS PRÉCIS: was2liberty.java.category
févr. 19, 2024 1:55:08 PM ServiceLogger logRules
PLUS PRÉCIS: com.ibm.rrd.liberty.rules.xml.technology.profile.high
févr. 19, 2024 1:55:08 PM ServiceLogger logRules
PLUS PRÉCIS: appconversion.was2was.80.behavior.Web.EJBInWebModuleJar
févr. 19, 2024 1:55:08 PM ServiceLogger logRules
PLUS PRÉCIS: com.ibm.rrd.liberty.rules.xml.technology.profile.med
févr. 19, 2024 1:55:08 PM ServiceLogger logRules
PLUS PRÉCIS: com.ibm.ws.appconversion.javaee.ee8.beanvalidation.rules.java.DetectValidatorFactory
févr. 19, 2024 1:55:08 PM ServiceLogger logRules
PLUS PRÉCIS: was2liberty.rules.java.WSSecurityHelperRevokeSSOCookies
févr. 19, 2024 1:55:08 PM ServiceLogger logRules
PLUS PRÉCIS: appconversion.was2was.80.removed.webcontainer.ServletErrorReport
févr. 19, 2024 1:55:08 PM ServiceLogger logRules
PLUS PRÉCIS: com.ibm.ws.appconversion.javaee.ee7.cdi.rules.java.SessionBeanProducerField
févr. 19, 2024 1:55:08 PM ServiceLogger logRules
PLUS PRÉCIS: com.ibm.rrd.liberty.rules.impl.xmlreview.DetectTransactionPropagationEJBRemote
févr. 19, 2024 1:55:08 PM ServiceLogger logRules
PLUS PRÉCIS: appconversion.jre.170.JRETreeSetTreeMapNPE
févr. 19, 2024 1:55:08 PM ServiceLogger logRules
PLUS PRÉCIS: com.ibm.ws.appconversion.SystemLoadLibrary
févr. 19, 2024 1:55:08 PM ServiceLogger logRules
PLUS PRÉCIS: com.ibm.ws.appconversion.javaee.ee7.jpa.rules.java.LocaleAttributes
févr. 19, 2024 1:55:08 PM ServiceLogger logRules
PLUS PRÉCIS: com.ibm.ws.appconversion.javaee.ee7.jpa.rules.java.EmbeddableIdSevere
févr. 19, 2024 1:55:08 PM ServiceLogger logRules
PLUS PRÉCIS: com.ibm.ws.appconversion.was2liberty.rules.java.MBeanRule
févr. 19, 2024 1:55:08 PM ServiceLogger logRules
PLUS PRÉCIS: javaee8.xml.category.BeanValidation
févr. 19, 2024 1:55:08 PM ServiceLogger logRules
PLUS PRÉCIS: appconversion.manifest.category
févr. 19, 2024 1:55:08 PM ServiceLogger logRules
PLUS PRÉCIS: com.ibm.rrd.liberty.rules.java.technology.profile.low
févr. 19, 2024 1:55:08 PM ServiceLogger logRules
PLUS PRÉCIS: com.ibm.ws.appconversion.javaee.ee7.jpa.rules.java.EntityWithNoId
févr. 19, 2024 1:55:08 PM ServiceLogger logRules
PLUS PRÉCIS: com.ibm.ws.appconversion.was2liberty.rules.xml.EJBNamingLookupRule
févr. 19, 2024 1:55:08 PM ServiceLogger logRules
PLUS PRÉCIS: was2liberty.rules.java.WebSphereUnavailableAPIsSMF
févr. 19, 2024 1:55:08 PM ServiceLogger logRules
PLUS PRÉCIS: was2liberty.rules.java.WebSphereUnavailableAPIsISC
févr. 19, 2024 1:55:08 PM ServiceLogger logRules
PLUS PRÉCIS: appconversion.was2was.80.impacts.category.jsp
févr. 19, 2024 1:55:08 PM ServiceLogger logRules
PLUS PRÉCIS: com.ibm.ws.appconversion.jre.v180.rule.CollectionMethods
févr. 19, 2024 1:55:08 PM ServiceLogger logRules
PLUS PRÉCIS: appconversion.jre.170.JREWindowSetBackground
févr. 19, 2024 1:55:08 PM ServiceLogger logRules
PLUS PRÉCIS: com.ibm.ws.appconversion.was2liberty.rules.java.ServerName
févr. 19, 2024 1:55:08 PM ServiceLogger logRules
PLUS PRÉCIS: com.ibm.ws.appconversion.javaee.ee7.cdi.rules.xml.WebBeansXmlRule
févr. 19, 2024 1:55:08 PM ServiceLogger logRules
PLUS PRÉCIS: com.ibm.ws.appconversion.was2liberty.rules.java.HiddenThirdPartyAPIInUseAriesBlueprint
févr. 19, 2024 1:55:08 PM ServiceLogger logRules
PLUS PRÉCIS: com.ibm.ws.appconversion.javaee.ee7.jpa.rules.xml.JpaOrmXml
févr. 19, 2024 1:55:08 PM ServiceLogger logRules
PLUS PRÉCIS: was2liberty.rules.java.WebSphereUnavailableAPIsEnterpriseJavaBeans
févr. 19, 2024 1:55:08 PM ServiceLogger logRules
PLUS PRÉCIS: appconversion.jre.170.JREPath2dGetPathIterator
févr. 19, 2024 1:55:08 PM ServiceLogger logRules
PLUS PRÉCIS: com.ibm.ws.appconversion.jre.v180.rule.ProxyNonPublic
févr. 19, 2024 1:55:08 PM ServiceLogger logRules
PLUS PRÉCIS: was2liberty.rules.java.WSSecurityHelperGetLTPACookieFromSSOToken
févr. 19, 2024 1:55:08 PM ServiceLogger logRules
PLUS PRÉCIS: com.ibm.rrd.liberty.rules.xml.technology.profile
févr. 19, 2024 1:55:08 PM ServiceLogger logRules
PLUS PRÉCIS: was2liberty.rules.java.WebSphereUnavailableAPIsTPV
févr. 19, 2024 1:55:08 PM ServiceLogger logRules
PLUS PRÉCIS: appconversion.was2was.80.behavior.JSPJavaKeywordsEL
févr. 19, 2024 1:55:08 PM ServiceLogger logRules
PLUS PRÉCIS: com.ibm.rrd.liberty.rules.impl.xmlreview.DetectXSLT
févr. 19, 2024 1:55:08 PM ServiceLogger logRules
PLUS PRÉCIS: com.ibm.ws.appconversion.javaee.ee7.cdi.rules.java.InterceptorBindingAnnotationCheck
févr. 19, 2024 1:55:08 PM ServiceLogger logRules
PLUS PRÉCIS: appconversion.jre.170.JREThrowableFinalMethods
févr. 19, 2024 1:55:08 PM ServiceLogger logRules
PLUS PRÉCIS: appconversion.was2was.80.impacts.websphere.java
févr. 19, 2024 1:55:08 PM ServiceLogger logRules
PLUS PRÉCIS: com.ibm.ws.appconversion.was2liberty.rules.java.WebSphereSchedulerRule
févr. 19, 2024 1:55:08 PM ServiceLogger logRules
PLUS PRÉCIS: javaee8.java.category.Servlet
févr. 19, 2024 1:55:08 PM ServiceLogger logRules
PLUS PRÉCIS: appconversion.was2was.80.behavior.ws.soap.message
févr. 19, 2024 1:55:08 PM ServiceLogger logRules
PLUS PRÉCIS: com.ibm.ws.appconversion.javaee.ee7.jaxrs.rules.java.IBMRestFilterClass
févr. 19, 2024 1:55:08 PM ServiceLogger logRules
PLUS PRÉCIS: com.ibm.ws.appconversion.jre.v180.rule.StringSplit
févr. 19, 2024 1:55:08 PM ServiceLogger logRules
PLUS PRÉCIS: appconversion.was2was.90.impacts.category.java
févr. 19, 2024 1:55:08 PM ServiceLogger logRules
PLUS PRÉCIS: com.ibm.ws.appconversion.was2liberty.rules.java.DetectQuartzSchedulerLibertyCore
févr. 19, 2024 1:55:08 PM ServiceLogger logRules
PLUS PRÉCIS: appconversion.was2was.90.impacts.removed.api.java
févr. 19, 2024 1:55:08 PM ServiceLogger logRules
PLUS PRÉCIS: com.ibm.ws.appconversion.javaee.ee7.jpa.rules.java.OpenJpaPackages
févr. 19, 2024 1:55:08 PM ServiceLogger logRules
PLUS PRÉCIS: com.ibm.ws.appconversion.javaee.ee7.jaxrs.rules.java.WinkClientReplaced
févr. 19, 2024 1:55:08 PM ServiceLogger logRules
PLUS PRÉCIS: com.ibm.rrd.liberty.rules.impl.xmlreview.DetectUnsupportedJSF
févr. 19, 2024 1:55:08 PM ServiceLogger logRules
PLUS PRÉCIS: appconversion.was2was.80.removed.apache.soap
févr. 19, 2024 1:55:08 PM ServiceLogger logRules
PLUS PRÉCIS: was2liberty.rules.java.WebSphereUnavailableAPIsConnectorArchitecture
févr. 19, 2024 1:55:08 PM ServiceLogger logRules
PLUS PRÉCIS: was2liberty.rules.java.WebSphereUnavailableAPIsPortal
févr. 19, 2024 1:55:08 PM ServiceLogger logRules
PLUS PRÉCIS: was2liberty.rules.xml.ConnectorDDNamespaceRule
févr. 19, 2024 1:55:08 PM ServiceLogger logRules
PLUS PRÉCIS: com.ibm.ws.appconversion.jre.v180.rule.MBeanNonPublic
févr. 19, 2024 1:55:08 PM ServiceLogger logRules
PLUS PRÉCIS: com.ibm.rrd.liberty.rules.common.category.xsl
févr. 19, 2024 1:55:08 PM ServiceLogger logRules
PLUS PRÉCIS: was2liberty.rules.xml.PersistenceXmlLocationRule
févr. 19, 2024 1:55:08 PM ServiceLogger logRules
PLUS PRÉCIS: appconversion.was2was.85.impacts.websphere.xml
févr. 19, 2024 1:55:08 PM ServiceLogger logRules
PLUS PRÉCIS: com.ibm.rrd.liberty.rules.impl.xmlreview.DetectEJBTimerService
févr. 19, 2024 1:55:08 PM ServiceLogger logRules
PLUS PRÉCIS: appconversion.was2was.v85.behavior.xml.JPACascadeStrategy
févr. 19, 2024 1:55:08 PM ServiceLogger logRules
PLUS PRÉCIS: was2liberty.rules.java.WebSphereUnavailableAPIsExtHelper
févr. 19, 2024 1:55:08 PM ServiceLogger logRules
PLUS PRÉCIS: com.ibm.rrd.liberty.rules.impl.javacodereview.DetectTransactionPropagationEJBRemote
févr. 19, 2024 1:55:08 PM ServiceLogger logRules
PLUS PRÉCIS: was2libertycore.java.category
févr. 19, 2024 1:55:08 PM ServiceLogger logRules
PLUS PRÉCIS: com.ibm.ws.appconversion.jre.v180.rule.RemovedSunIOAPI
févr. 19, 2024 1:55:08 PM ServiceLogger logRules
PLUS PRÉCIS: com.ibm.ws.appconversion.jre.v180.rule.MonthFormattingNames
févr. 19, 2024 1:55:08 PM ServiceLogger logRules
PLUS PRÉCIS: com.ibm.ws.appconversion.was2liberty.rules.java.AvailableThirdPartyPackagesApacheMyFaces
févr. 19, 2024 1:55:08 PM ServiceLogger logRules
PLUS PRÉCIS: appconversion.jre.170.JREAwtExceptionHandler
févr. 19, 2024 1:55:08 PM ServiceLogger logRules
PLUS PRÉCIS: com.ibm.ws.appconversion.jre.v180.rule.TypeVisitorInterfaceNewMethod
févr. 19, 2024 1:55:08 PM ServiceLogger logRules
PLUS PRÉCIS: com.ibm.ws.appconversion.jre.v180.rule.DatagramPacketConstructor
févr. 19, 2024 1:55:08 PM ServiceLogger logRules
PLUS PRÉCIS: appconversion.was2was.v85.behavior.xml.JPAUseListAttributeForArrays
févr. 19, 2024 1:55:08 PM ServiceLogger logRules
PLUS PRÉCIS: jsp.weblogic.migration.analysisProvider
févr. 19, 2024 1:55:08 PM ServiceLogger logRules
PLUS PRÉCIS: com.ibm.rrd.liberty.rules.impl.javacodereview.DetectJACC
févr. 19, 2024 1:55:08 PM ServiceLogger logRules
PLUS PRÉCIS: javaee7.java.category.CDI
févr. 19, 2024 1:55:08 PM ServiceLogger logRules
PLUS PRÉCIS: com.ibm.ws.appconversion.javaee.ee7.jpa.rules.java.QueryStringInExpressionError
févr. 19, 2024 1:55:08 PM ServiceLogger logRules
PLUS PRÉCIS: com.ibm.ws.appconversion.javaee.ee7.jpa.rules.java.AutoGeneratedValue
févr. 19, 2024 1:55:08 PM ServiceLogger logRules
PLUS PRÉCIS: was2liberty.rules.xml.EJBDDNamespaceRule
févr. 19, 2024 1:55:08 PM ServiceLogger logRules
PLUS PRÉCIS: com.ibm.ws.appconversion.was2liberty.rules.xml.BatchFeaturePackRule
févr. 19, 2024 1:55:08 PM ServiceLogger logRules
PLUS PRÉCIS: com.ibm.ws.appconversion.was2liberty.rules.java.BatchFeaturePackRule
févr. 19, 2024 1:55:08 PM ServiceLogger logRules
PLUS PRÉCIS: com.ibm.rrd.liberty.rules.manifest.technology
févr. 19, 2024 1:55:08 PM ServiceLogger logRules
PLUS PRÉCIS: com.ibm.ws.appconversion.javaee.ee7.cdi.rules.file.MissingBeansXmlRule
févr. 19, 2024 1:55:08 PM ServiceLogger logRules
PLUS PRÉCIS: was2liberty.rules.java.WebSphereUnavailableAPIsManagement
févr. 19, 2024 1:55:08 PM ServiceLogger logRules
PLUS PRÉCIS: com.ibm.rrd.liberty.rules.impl.xmlreview.DetectWSNotificationWSDL
févr. 19, 2024 1:55:08 PM ServiceLogger logRules
PLUS PRÉCIS: com.ibm.ws.appconversion.was2liberty.rules.java.AsyncBeansSchedulerRule
févr. 19, 2024 1:55:08 PM ServiceLogger logRules
PLUS PRÉCIS: com.ibm.rrd.liberty.rules.java.technology.core.low
févr. 19, 2024 1:55:08 PM ServiceLogger logRules
PLUS PRÉCIS: com.ibm.rrd.liberty.rules.impl.javacodereview.DetectAsyncAPI
févr. 19, 2024 1:55:08 PM ServiceLogger logRules
PLUS PRÉCIS: com.ibm.rrd.liberty.rules.impl.javacodereview.HttpSessionInvalidateMethod
févr. 19, 2024 1:55:08 PM ServiceLogger logRules
PLUS PRÉCIS: appconversion.jre.170.JREcheckisLowerCaseisUpperCase
févr. 19, 2024 1:55:08 PM ServiceLogger logRules
PLUS PRÉCIS: com.ibm.ws.appconversion.was2liberty.rules.java.WebSphereConnectionWaitTimeoutExceptionLibertyCore
févr. 19, 2024 1:55:08 PM ServiceLogger logRules
PLUS PRÉCIS: com.ibm.rrd.liberty.rules.common.category.xml
févr. 19, 2024 1:55:08 PM ServiceLogger logRules
PLUS PRÉCIS: com.ibm.ws.appconversion.was2liberty.rules.java.WSBARule
févr. 19, 2024 1:55:08 PM ServiceLogger logRules
PLUS PRÉCIS: was2liberty.rules.java.WebSphereUnavailableSPIsRRD
févr. 19, 2024 1:55:08 PM ServiceLogger logRules
PLUS PRÉCIS: com.ibm.ws.appconversion.was2liberty.rules.java.StartupBeanRule
févr. 19, 2024 1:55:08 PM ServiceLogger logRules
PLUS PRÉCIS: com.ibm.ws.appconversion.javaee.ee7.jpa.rules.xml.JpaCacheProperties
févr. 19, 2024 1:55:08 PM ServiceLogger logRules
PLUS PRÉCIS: com.ibm.rrd.liberty.rules.impl.javacodereview.DetectJWSMetadata
févr. 19, 2024 1:55:08 PM ServiceLogger logRules
PLUS PRÉCIS: com.ibm.rrd.liberty.rules.xml.technology
févr. 19, 2024 1:55:08 PM ServiceLogger logRules
PLUS PRÉCIS: com.ibm.rrd.liberty.rules.xml.technology.core.low
févr. 19, 2024 1:55:08 PM ServiceLogger logRules
PLUS PRÉCIS: appconversion.was2was.80.removed.oracle10.helper
févr. 19, 2024 1:55:08 PM ServiceLogger logRules
PLUS PRÉCIS: javaee7.java.category.EL
févr. 19, 2024 1:55:08 PM ServiceLogger logRules
PLUS PRÉCIS: com.ibm.ws.appconversion.was2liberty.rules.jsp.DetectPrecompiledJSPClasses
févr. 19, 2024 1:55:08 PM ServiceLogger logRules
PLUS PRÉCIS: com.ibm.rrd.liberty.rules.impl.javacodereview.DetectEJB21AndEarlier
févr. 19, 2024 1:55:08 PM ServiceLogger logRules
PLUS PRÉCIS: com.ibm.ws.appconversion.was2liberty.rules.java.HiddenThirdPartyAPIInUseCommonJSdo
févr. 19, 2024 1:55:08 PM ServiceLogger logRules
PLUS PRÉCIS: appconversion.was2was.85.impacts.category.java
févr. 19, 2024 1:55:08 PM ServiceLogger logRules
PLUS PRÉCIS: com.ibm.ws.appconversion.was2liberty.rules.xml.WOLARule
févr. 19, 2024 1:55:08 PM ServiceLogger logRules
PLUS PRÉCIS: com.ibm.ws.appconversion.was2liberty.rules.java.HostNameValidationRule
févr. 19, 2024 1:55:08 PM ServiceLogger logRules
PLUS PRÉCIS: com.ibm.ws.appconversion.javaee.ee7.jpa.rules.java.TemporalRemove
févr. 19, 2024 1:55:08 PM ServiceLogger logRules
PLUS PRÉCIS: was2liberty.rules.java.DetectGetRealPathTWASEmpty
févr. 19, 2024 1:55:08 PM ServiceLogger logRules
PLUS PRÉCIS: appconversion.was2was.category.jsp
févr. 19, 2024 1:55:08 PM ServiceLogger logRules
PLUS PRÉCIS: was2liberty.rules.java.WebSphereRuntimeRule
févr. 19, 2024 1:55:08 PM ServiceLogger logRules
PLUS PRÉCIS: appconversion.was2was.80.behavior.sipFactoryAddressParms
févr. 19, 2024 1:55:08 PM ServiceLogger logRules
PLUS PRÉCIS: com.ibm.ws.appconversion.javaee.ee7.jpa.rules.java.EntityUsedAsEmbeddable
févr. 19, 2024 1:55:08 PM ServiceLogger logRules
PLUS PRÉCIS: appconversion.was2was.80.behavior.DetectWSAddressing.xml
févr. 19, 2024 1:55:08 PM ServiceLogger logRules
PLUS PRÉCIS: com.ibm.ws.appconversion.javaee.ee8.servlet.rules.java.ServletIsRequestedSessionIdFromURL
févr. 19, 2024 1:55:08 PM ServiceLogger logRules
PLUS PRÉCIS: appconversion.jre.170.JREJdbcInterfaceNewMethods
févr. 19, 2024 1:55:08 PM ServiceLogger logRules
PLUS PRÉCIS: com.ibm.ws.appconversion.was2liberty.rules.xml.WSATRule
févr. 19, 2024 1:55:08 PM ServiceLogger logRules
PLUS PRÉCIS: javaee7.java.category
févr. 19, 2024 1:55:08 PM ServiceLogger logRules
PLUS PRÉCIS: appconversion.category.javaee6.java.Servlet
févr. 19, 2024 1:55:08 PM ServiceLogger logRules
PLUS PRÉCIS: was2liberty.rules.java.ThirdPartyAriesInUseRule
févr. 19, 2024 1:55:08 PM ServiceLogger logRules
PLUS PRÉCIS: com.ibm.rrd.liberty.rules.java.technology.core
févr. 19, 2024 1:55:08 PM ServiceLogger logRules
PLUS PRÉCIS: com.ibm.ws.appconversion.was2liberty.rules.xml.DetectPolicySetAndWsSecurity
févr. 19, 2024 1:55:08 PM ServiceLogger logRules
PLUS PRÉCIS: appconversion.was2was.80.behavior.Web.EJBInWebModuleInXML
févr. 19, 2024 1:55:08 PM ServiceLogger logRules
PLUS PRÉCIS: com.ibm.rrd.liberty.rules.impl.javacodereview.DetectJAXR
févr. 19, 2024 1:55:08 PM ServiceLogger logRules
PLUS PRÉCIS: com.ibm.ws.appconversion.was2liberty.rules.java.WebSphereWebServicesRule
févr. 19, 2024 1:55:08 PM ServiceLogger logRules
PLUS PRÉCIS: com.ibm.ws.appconversion.was2liberty.rules.java.HiddenThirdPartyAPIInUseApacheMyFaces
févr. 19, 2024 1:55:08 PM ServiceLogger logRules
PLUS PRÉCIS: com.ibm.ws.appconversion.javaee.ee7.servlet.rules.xml.AbsoluteOrderingBehaviorChange
févr. 19, 2024 1:55:08 PM ServiceLogger logRules
PLUS PRÉCIS: com.ibm.rrd.liberty.rules.impl.xmlreview.DetectEJB21AndEarlier
févr. 19, 2024 1:55:08 PM ServiceLogger logRules
PLUS PRÉCIS: appconversion.was2was.80.behavior.EJB31.ApplicationExceptionXML
févr. 19, 2024 1:55:08 PM ServiceLogger logRules
PLUS PRÉCIS: com.ibm.ws.appconversion.was2liberty.rules.java.HiddenThirdPartyAPIInUseAries
févr. 19, 2024 1:55:08 PM ServiceLogger logRules
PLUS PRÉCIS: appconversion.was2was.80.behavior.soap.action
févr. 19, 2024 1:55:08 PM ServiceLogger logRules
PLUS PRÉCIS: appconversion.jre.170.JRELinkedHashMapEntry
févr. 19, 2024 1:55:08 PM ServiceLogger logRules
PLUS PRÉCIS: was2liberty.rules.java.WebSphereUnavailableAPIsExceptions
févr. 19, 2024 1:55:08 PM ServiceLogger logRules
PLUS PRÉCIS: com.ibm.ws.appconversion.was2liberty.rules.java.CreateSessionBehaviorChange
févr. 19, 2024 1:55:08 PM ServiceLogger logRules
PLUS PRÉCIS: com.ibm.rrd.liberty.rules.impl.javacodereview.DetectJavaPortlet
févr. 19, 2024 1:55:08 PM ServiceLogger logRules
PLUS PRÉCIS: com.ibm.ws.appconversion.javaee.ee7.jpa.rules.java.EmbeddableIdWarning
févr. 19, 2024 1:55:08 PM ServiceLogger logRules
PLUS PRÉCIS: com.ibm.rrd.liberty.rules.impl.xmlreview.DetectJAXRPC
févr. 19, 2024 1:55:08 PM ServiceLogger logRules
PLUS PRÉCIS: javaee7.xml.category.Servlet
févr. 19, 2024 1:55:08 PM ServiceLogger logRules
PLUS PRÉCIS: com.ibm.ws.appconversion.javaee.ee7.jaxrs.rules.java.WinkUnavailableAPIs
févr. 19, 2024 1:55:08 PM ServiceLogger logRules
PLUS PRÉCIS: com.ibm.ws.appconversion.was2liberty.rules.xml.DetectEJBJNDIbindingName
févr. 19, 2024 1:55:08 PM ServiceLogger logRules
PLUS PRÉCIS: com.ibm.ws.appconversion.all.servers.rules.java.DetectSystemProperties
févr. 19, 2024 1:55:08 PM ServiceLogger logRules
PLUS PRÉCIS: com.ibm.ws.appconversion.was2liberty.rules.xml.StartupBeanRule
févr. 19, 2024 1:55:08 PM ServiceLogger logRules
PLUS PRÉCIS: appconversion.was2was.80.impacts.category.java
févr. 19, 2024 1:55:08 PM ServiceLogger logRules
PLUS PRÉCIS: appconversion.was2was.v80v85v90.impacts.category.java
févr. 19, 2024 1:55:08 PM ServiceLogger logRules
PLUS PRÉCIS: com.ibm.rrd.liberty.rules.impl.javacodereview.DetectJAXRPC
févr. 19, 2024 1:55:08 PM ServiceLogger logRules
PLUS PRÉCIS: com.ibm.ws.appconversion.javaee.ee7.servlet.rules.xml.URLPatternMapping
févr. 19, 2024 1:55:08 PM ServiceLogger logRules
PLUS PRÉCIS: appconversion.category.all.java
févr. 19, 2024 1:55:08 PM ServiceLogger logRules
PLUS PRÉCIS: com.ibm.ws.appconversion.javaee.ee8.jaxrs.rules.java.JSON4JUnavailable
févr. 19, 2024 1:55:08 PM ServiceLogger logRules
PLUS PRÉCIS: appconversion.category.javaee6.java
févr. 19, 2024 1:55:08 PM ServiceLogger logRules
PLUS PRÉCIS: com.ibm.rrd.liberty.rules.impl.javacodereview.DetectEJBRemoteDef
févr. 19, 2024 1:55:08 PM ServiceLogger logRules
PLUS PRÉCIS: was2liberty.rules.java.WebSphereUnavailableAPIsUDDI
févr. 19, 2024 1:55:08 PM ServiceLogger logRules
PLUS PRÉCIS: com.ibm.rrd.liberty.rules.xml.technology.core
févr. 19, 2024 1:55:08 PM ServiceLogger logRules
PLUS PRÉCIS: javaee8.java.category.JSF
févr. 19, 2024 1:55:08 PM ServiceLogger logRules
PLUS PRÉCIS: com.ibm.ws.appconversion.javaee.ee7.servlet.rules.xml.AsyncContextDispatchBehaviorChange
févr. 19, 2024 1:55:08 PM ServiceLogger logRules
PLUS PRÉCIS: com.ibm.ws.appconversion.was2liberty.rules.xml.WebSphereSchedulerRule
févr. 19, 2024 1:55:08 PM ServiceLogger logRules
PLUS PRÉCIS: com.ibm.rrd.liberty.rules.impl.javacodereview.DetectJMS
févr. 19, 2024 1:55:08 PM ServiceLogger logRules
PLUS PRÉCIS: com.ibm.rrd.liberty.rules.java.technology.profile
févr. 19, 2024 1:55:08 PM ServiceLogger logRules
PLUS PRÉCIS: was2liberty.rules.java.I18nRule
févr. 19, 2024 1:55:08 PM ServiceLogger logRules
PLUS PRÉCIS: com.ibm.ws.appconversion.was2liberty.rules.java.WSNotificationRule
févr. 19, 2024 1:55:08 PM ServiceLogger logRules
PLUS PRÉCIS: com.ibm.ws.appconversion.was2liberty.rules.java.DynamicQueryRule
févr. 19, 2024 1:55:08 PM ServiceLogger logRules
PLUS PRÉCIS: was2liberty.rules.java.DynamicCacheRule
févr. 19, 2024 1:55:08 PM ServiceLogger logRules
PLUS PRÉCIS: com.ibm.ws.appconversion.jre.v180.rule.ExtendLocaleServiceProvider
févr. 19, 2024 1:55:08 PM ServiceLogger logRules
PLUS PRÉCIS: com.ibm.ws.appconversion.was2was.rules.v90.java.ApacheHTTPRule
févr. 19, 2024 1:55:08 PM ServiceLogger logRules
PLUS PRÉCIS: com.ibm.ws.appconversion.javaee.ee7.jpa.rules.java.NonAnnotatedEntityAttributes
févr. 19, 2024 1:55:08 PM ServiceLogger logRules
PLUS PRÉCIS: com.ibm.ws.appconversion.jre.v180.rule.ThreadStopThrowable
févr. 19, 2024 1:55:08 PM ServiceLogger logRules
PLUS PRÉCIS: appconversion.jre.170.JRETypeVisitorInterfaceNewMethod
févr. 19, 2024 1:55:08 PM ServiceLogger logRules
PLUS PRÉCIS: com.ibm.ws.appconversion.javaee.ee7.jaxrs.rules.java.LocalAnnoCheck
févr. 19, 2024 1:55:08 PM ServiceLogger logRules
PLUS PRÉCIS: com.ibm.rrd.liberty.rules.impl.javacodereview.DetectMessageDrivenBeans
févr. 19, 2024 1:55:08 PM ServiceLogger logRules
PLUS PRÉCIS: appconversion.category.all.project.file
févr. 19, 2024 1:55:08 PM ServiceLogger logRules
PLUS PRÉCIS: was2liberty.rules.java.WebSphereUnavailableAPIsResourceAdapter
févr. 19, 2024 1:55:08 PM ServiceLogger logRules
PLUS PRÉCIS: was2liberty.rules.java.WebSphereUnavailableAPIsSIB
févr. 19, 2024 1:55:08 PM ServiceLogger logRules
PLUS PRÉCIS: was2liberty.rules.java.Axis2Rule
févr. 19, 2024 1:55:08 PM ServiceLogger logRules
PLUS PRÉCIS: com.ibm.ws.appconversion.was2was.rules.v90.java.SCARule
févr. 19, 2024 1:55:08 PM ServiceLogger logRules
PLUS PRÉCIS: com.ibm.ws.appconversion.was2liberty.rules.java.WOLAMissingClassesRule
févr. 19, 2024 1:55:08 PM ServiceLogger logRules
PLUS PRÉCIS: com.ibm.ws.appconversion.was2liberty.rules.java.HiddenThirdPartyAPIInUseTivoli
févr. 19, 2024 1:55:08 PM ServiceLogger logRules
PLUS PRÉCIS: com.ibm.ws.appconversion.was2liberty.rules.java.DataStoreHelperAPIsLibertyCore
févr. 19, 2024 1:55:08 PM ServiceLogger logRules
PLUS PRÉCIS: appconversion.jre.180.category.java
févr. 19, 2024 1:55:08 PM ServiceLogger logRules
PLUS PRÉCIS: com.ibm.ws.appconversion.javaee.ee7.jaxrs.rules.java.WinkProvidedAndUsed
févr. 19, 2024 1:55:08 PM ServiceLogger logRules
PLUS PRÉCIS: appconversion.was2was.80.behavior.BehaviorSipURICloneMethod
févr. 19, 2024 1:55:08 PM ServiceLogger logRules
PLUS PRÉCIS: appconversion.was2was.80.behavior.ws.fault.unification
févr. 19, 2024 1:55:08 PM ServiceLogger logRules
PLUS PRÉCIS: com.ibm.ws.appconversion.jre.v180.rule.ProxyConstructor
févr. 19, 2024 1:55:08 PM ServiceLogger logRules
PLUS PRÉCIS: com.ibm.ws.appconversion.was2was.rules.v90.java.RemovedCEA
févr. 19, 2024 1:55:08 PM ServiceLogger logRules
PLUS PRÉCIS: was2liberty.rules.java.ThirdPartyEquinoxInUseRule
févr. 19, 2024 1:55:08 PM ServiceLogger logRules
PLUS PRÉCIS: com.ibm.ws.appconversion.was2was.rules.v90.java.CEIRemovedPackages
févr. 19, 2024 1:55:08 PM ServiceLogger logRules
PLUS PRÉCIS: appconversion.category.liberty.project.file
févr. 19, 2024 1:55:08 PM ServiceLogger logRules
PLUS PRÉCIS: com.ibm.rrd.liberty.rules.xsl.technology.profile.med
févr. 19, 2024 1:55:08 PM ServiceLogger logRules
PLUS PRÉCIS: com.ibm.rrd.liberty.rules.common.category.java
févr. 19, 2024 1:55:08 PM ServiceLogger logRules
PLUS PRÉCIS: com.ibm.rrd.liberty.rules.java.technology.profile.high
févr. 19, 2024 1:55:08 PM ServiceLogger logRules
PLUS PRÉCIS: com.ibm.rrd.liberty.rules.impl.filereview.DetectEJBBundle
févr. 19, 2024 1:55:08 PM ServiceLogger logRules
PLUS PRÉCIS: com.ibm.ws.appconversion.javaee.ee7.cdi.rules.java.TransientFieldInSessionScope
févr. 19, 2024 1:55:08 PM ServiceLogger logRules
PLUS PRÉCIS: was2liberty.jar.file.category
févr. 19, 2024 1:55:08 PM ServiceLogger logRules
PLUS PRÉCIS: javaee7.xml.category.JPA
févr. 19, 2024 1:55:08 PM ServiceLogger logRules
PLUS PRÉCIS: com.ibm.ws.appconversion.was2liberty.rules.java.ActivitySessionRule
févr. 19, 2024 1:55:08 PM ServiceLogger logRules
PLUS PRÉCIS: appconversion.jre.170.JREFileSetReadOnlySetWritableForDirectory
févr. 19, 2024 1:55:08 PM ServiceLogger logRules
PLUS PRÉCIS: com.ibm.ws.appconversion.was2was.rules.v90.java.RemoveJSFSunRI
févr. 19, 2024 1:55:08 PM ServiceLogger logRules
PLUS PRÉCIS: appconversion.was2was.80.behavior.openJPA.EntityManager.detach
févr. 19, 2024 1:55:08 PM ServiceLogger logRules
PLUS PRÉCIS: javaee8.java.category
févr. 19, 2024 1:55:08 PM ServiceLogger logRules
PLUS PRÉCIS: com.ibm.rrd.liberty.manifest
févr. 19, 2024 1:55:08 PM ServiceLogger logRules
PLUS PRÉCIS: com.ibm.ws.appconversion.javaee.ee7.jpa.rules.xml.OpenJPAConfigurationProperties
févr. 19, 2024 1:55:08 PM ServiceLogger logRules
PLUS PRÉCIS: was2liberty.rules.java.WebSphereUnavailableAPIsWLM
févr. 19, 2024 1:55:08 PM ServiceLogger logRules
PLUS PRÉCIS: com.ibm.rrd.liberty.rules.impl.javacodereview.DetectJAXWS
févr. 19, 2024 1:55:08 PM ServiceLogger logRules
PLUS PRÉCIS: com.ibm.ws.appconversion.jre.v180.rule.JAXPProviderClassLoading
févr. 19, 2024 1:55:08 PM ServiceLogger logRules
PLUS PRÉCIS: com.ibm.rrd.liberty.rules.xsl.technology
févr. 19, 2024 1:55:08 PM ServiceLogger logRules
PLUS PRÉCIS: com.ibm.ws.appconversion.javaee.ee7.servlet.rules.java.AsyncContextDispatchBehaviorChange
févr. 19, 2024 1:55:08 PM ServiceLogger logRules
PLUS PRÉCIS: was2liberty.rules.java.WebSphereUnavailableAPIsWSSecurityHelper
févr. 19, 2024 1:55:08 PM ServiceLogger logRules
PLUS PRÉCIS: com.ibm.ws.appconversion.was2was.rules.v90.java.CDIOpenWebBeansRule
févr. 19, 2024 1:55:08 PM ServiceLogger logRules
PLUS PRÉCIS: com.ibm.rrd.liberty.rules.impl.javacodereview.DetectTimerServiceAPI
févr. 19, 2024 1:55:08 PM ServiceLogger logRules
PLUS PRÉCIS: was2liberty.rules.java.WebSphereUnavailableAPIsORB
févr. 19, 2024 1:55:08 PM ServiceLogger logRules
PLUS PRÉCIS: com.ibm.rrd.liberty.rules.impl.xmlreview.DetectMessageDrivenBeans
févr. 19, 2024 1:55:08 PM ServiceLogger logRules
PLUS PRÉCIS: com.ibm.ws.appconversion.javaee.ee7.cdi.rules.file.OpenWebBeansPropertiesFile
févr. 19, 2024 1:55:08 PM ServiceLogger logRules
PLUS PRÉCIS: was2liberty.rules.java.WebSphereServletRule
févr. 19, 2024 1:55:08 PM ServiceLogger logRules
PLUS PRÉCIS: com.ibm.rrd.liberty.rules.manifest.technology.profile.low
févr. 19, 2024 1:55:08 PM ServiceLogger logRules
PLUS PRÉCIS: appconversion.was2was.85.impacts.category.xml
févr. 19, 2024 1:55:08 PM ServiceLogger logRules
PLUS PRÉCIS: com.ibm.ws.appconversion.was2liberty.rules.java.WOLARule
févr. 19, 2024 1:55:08 PM ServiceLogger logRules
PLUS PRÉCIS: appconversion.was2was.v85.behavior.java.JPACascadeStrategy
févr. 19, 2024 1:55:08 PM ServiceLogger logRules
PLUS PRÉCIS: com.ibm.rrd.liberty.rules.impl.javacodereview.DetectWSNotification
févr. 19, 2024 1:55:08 PM ServiceLogger logRules
PLUS PRÉCIS: com.ibm.rrd.liberty.rules.impl.xmlreview.DetectJCAXML
févr. 19, 2024 1:55:08 PM ServiceLogger logRules
PLUS PRÉCIS: com.ibm.ws.appconversion.javaee.ee7.jaxrs.rules.java.WinkAPIReplaced
févr. 19, 2024 1:55:08 PM ServiceLogger logRules
PLUS PRÉCIS: com.ibm.ws.appconversion.javaee.ee7.jpa.rules.xml.OpenJPALockManager
févr. 19, 2024 1:55:08 PM ServiceLogger logRules
PLUS PRÉCIS: com.ibm.ws.appconversion.was2liberty.rules.java.EJBNamingLookupRule
févr. 19, 2024 1:55:08 PM ServiceLogger logRules
PLUS PRÉCIS: was2liberty.rules.xml.WebDDNamespaceRule
févr. 19, 2024 1:55:08 PM ServiceLogger logRules
PLUS PRÉCIS: appconversion.jre.170.JREDatagramChannelMethods
févr. 19, 2024 1:55:08 PM ServiceLogger logRules
PLUS PRÉCIS: com.ibm.rrd.liberty.rules.impl.javacodereview.DetectJavaApplicationDeployment
févr. 19, 2024 1:55:08 PM ServiceLogger logRules
PLUS PRÉCIS: com.ibm.ws.appconversion.javaee.ee7.cdi.rules.java.GetAnnotatedBehaviorChange
févr. 19, 2024 1:55:08 PM ServiceLogger logRules
PLUS PRÉCIS: was2liberty.rules.properties.file.InitialContext
févr. 19, 2024 1:55:08 PM ServiceLogger logRules
PLUS PRÉCIS: appconversion.jre.170.JRELocaleGetDefault
févr. 19, 2024 1:55:08 PM ServiceLogger logRules
PLUS PRÉCIS: com.ibm.rrd.liberty.rules.impl.javacodereview.DetectJCA
févr. 19, 2024 1:55:08 PM ServiceLogger logRules
PLUS PRÉCIS: com.ibm.ws.appconversion.was2liberty.rules.java.HiddenThirdPartyAPIInUseRule
févr. 19, 2024 1:55:08 PM ServiceLogger logRules
PLUS PRÉCIS: com.ibm.ws.appconversion.BehaviorCreateThread
févr. 19, 2024 1:55:08 PM ServiceLogger logRules
PLUS PRÉCIS: com.ibm.rrd.liberty.rules.impl.javacodereview.DetectRemoteServices
févr. 19, 2024 1:55:08 PM ServiceLogger logRules
PLUS PRÉCIS: was2liberty.rules.java.WebSphereUnavailableAPIsWSADIE
févr. 19, 2024 1:55:08 PM ServiceLogger logRules
PLUS PRÉCIS: was2liberty.rules.xml.AppDDNamespaceRule
févr. 19, 2024 1:55:08 PM ServiceLogger logRules
PLUS PRÉCIS: com.ibm.rrd.liberty.rules.java.technology
févr. 19, 2024 1:55:08 PM ServiceLogger logRules
PLUS PRÉCIS: com.ibm.ws.appconversion.javaee.ee7.servlet.rules.xml.DuplicateWebDescriptorsBehaviorChange
févr. 19, 2024 1:55:08 PM ServiceLogger logRules
PLUS PRÉCIS: was2liberty.rules.java.AppProfileRule
févr. 19, 2024 1:55:08 PM ServiceLogger logRules
PLUS PRÉCIS: was2liberty.rules.java.OSGiImportRule
févr. 19, 2024 1:55:08 PM ServiceLogger logRules
PLUS PRÉCIS: codereview.java.analysisProvider
févr. 19, 2024 1:55:08 PM ServiceLogger logRules
PLUS PRÉCIS: appconversion.was2was.80.impacts.websphere.jsp
févr. 19, 2024 1:55:08 PM ServiceLogger logRules
PLUS PRÉCIS: com.ibm.ws.appconversion.javaee.ee7.servlet.rules.java.ExtendsServletInputOutputStream
févr. 19, 2024 1:55:08 PM ServiceLogger logRules
PLUS PRÉCIS: com.ibm.rrd.liberty.rules.impl.javacodereview.DetectJASPI
févr. 19, 2024 1:55:08 PM ServiceLogger logRules
PLUS PRÉCIS: appconversion.jre.category.java
févr. 19, 2024 1:55:08 PM ServiceLogger logRules
PLUS PRÉCIS: was2liberty.rules.java.WebSphereUnavailableAPIsExtensionRegistry
févr. 19, 2024 1:55:08 PM ServiceLogger logRules
PLUS PRÉCIS: com.ibm.rrd.liberty.rules.impl.javacodereview.DetectJavaManagement
févr. 19, 2024 1:55:08 PM ServiceLogger logRules
PLUS PRÉCIS: com.ibm.rrd.liberty.rules.impl.xmlreview.DetectJMS
févr. 19, 2024 1:55:08 PM ServiceLogger logRules
PLUS PRÉCIS: com.ibm.ws.appconversion.jre.v180.rule.NumberFormatRounding
févr. 19, 2024 1:55:08 PM ServiceLogger logRules
PLUS PRÉCIS: appconversion.was2was.80.behavior.openJPA.EntityManager.refresh
févr. 19, 2024 1:55:08 PM ServiceLogger logRules
PLUS PRÉCIS: appconversion.was2was.80.impacts.websphere.xml
févr. 19, 2024 1:55:08 PM ServiceLogger logRules
PLUS PRÉCIS: com.ibm.ws.appconversion.was2was.rules.v90.xml.RemoveJSFSunRI
févr. 19, 2024 1:55:08 PM ServiceLogger logRules
PLUS PRÉCIS: javaee7.java.category.Servlet
févr. 19, 2024 1:55:08 PM ServiceLogger logRules
PLUS PRÉCIS: appconversion.was2was.80.impacts.category.xml
févr. 19, 2024 1:55:08 PM ServiceLogger logRules
PLUS PRÉCIS: com.ibm.ws.appconversion.javaee.ee7.servlet.rules.java.SetCommentBehaviorChange
févr. 19, 2024 1:55:08 PM ServiceLogger logRules
PLUS PRÉCIS: com.ibm.rsar.analysis.xml.core.provider
févr. 19, 2024 1:55:08 PM ServiceLogger logRules
PLUS PRÉCIS: com.ibm.rrd.core.xsl.provider
févr. 19, 2024 1:55:08 PM ServiceLogger logRules
PLUS PRÉCIS: was2liberty.rules.java.WebSphereUnavailableAPIsPMI
févr. 19, 2024 1:55:08 PM ServiceLogger logRules
PLUS PRÉCIS: javaee7.project.file.category
févr. 19, 2024 1:55:08 PM ServiceLogger logRules
PLUS PRÉCIS: appconversion.was2was.80.behavior.jsp.config
févr. 19, 2024 1:55:08 PM ServiceLogger logRules
PLUS PRÉCIS: javaee7.java.category.JAX-RS
févr. 19, 2024 1:55:08 PM ServiceLogger logRules
PLUS PRÉCIS: com.ibm.ws.appconversion.javaee.ee7.jpa.rules.java.EntityNoArgConstructor
févr. 19, 2024 1:55:08 PM ServiceLogger logRules
PLUS PRÉCIS: project.files.category
févr. 19, 2024 1:55:08 PM ServiceLogger logRules
PLUS PRÉCIS: was2liberty.rules.java.InitialContext
févr. 19, 2024 1:55:08 PM ServiceLogger logRules
PLUS PRÉCIS: appconversion.was2was.85.impacts.websphere.java
févr. 19, 2024 1:55:08 PM ServiceLogger logRules
PLUS PRÉCIS: javaee7.file.jar.category
févr. 19, 2024 1:55:08 PM ServiceLogger logRules
PLUS PRÉCIS: com.ibm.ws.appconversion.javaee.ee7.servlet.rules.java.GetServerInfoBehaviorChange
févr. 19, 2024 1:55:08 PM ServiceLogger logRules
PLUS PRÉCIS: com.ibm.ws.appconversion.javaee.ee7.servlet.rules.java.URLPatternMapping
févr. 19, 2024 1:55:08 PM ServiceLogger logRules
PLUS PRÉCIS: com.ibm.ws.appconversion.jre.v180.rule.AwtFocusTraversalKeys
févr. 19, 2024 1:55:08 PM ServiceLogger logRules
PLUS PRÉCIS: javaee7.java.category.JPA
févr. 19, 2024 1:55:08 PM ServiceLogger logRules
PLUS PRÉCIS: com.ibm.ws.appconversion.jre.v180.rule.ExtendConcurrentHashMap
févr. 19, 2024 1:55:08 PM ServiceLogger logRules
PLUS PRÉCIS: com.ibm.ws.appconversion.was2liberty.rules.java.MTOMRule
févr. 19, 2024 1:55:08 PM ServiceLogger logRules
PLUS PRÉCIS: com.ibm.ws.appconversion.javaee.ee7.el.rules.java.CoerceToTypeBehaviorChange
févr. 19, 2024 1:55:08 PM ServiceLogger logRules
PLUS PRÉCIS: com.ibm.ws.appconversion.all.servers.rules.file.TargetedRuntimeRuleLiberty
févr. 19, 2024 1:55:08 PM ServiceLogger logRules
PLUS PRÉCIS: com.ibm.ws.appconversion.javaee.ee7.servlet.rules.java.ServletContextListenerBehaviorChange
févr. 19, 2024 1:55:08 PM ServiceLogger logRules
PLUS PRÉCIS: com.ibm.ws.appconversion.file.properties.category
févr. 19, 2024 1:55:08 PM ServiceLogger logRules
PLUS PRÉCIS: com.ibm.ws.appconversion.javaee.ee7.jpa.rules.xml.OpenJPASchemaProperty
févr. 19, 2024 1:55:08 PM ServiceLogger logRules
PLUS PRÉCIS: was2liberty.properties.category
févr. 19, 2024 1:55:08 PM ServiceLogger logRules
PLUS PRÉCIS: appconversion.was2was.80.impacts.removed.api.java
févr. 19, 2024 1:55:08 PM ServiceLogger logRules
PLUS PRÉCIS: com.ibm.ws.appconversion.javaee.ee7.jpa.rules.xml.OpenJPAPersistenceProvider
févr. 19, 2024 1:55:08 PM ServiceLogger logRules
PLUS PRÉCIS: appconversion.jre.170.JREThreadGroupSetMaxPriority
févr. 19, 2024 1:55:08 PM ServiceLogger logRules
PLUS PRÉCIS: com.ibm.ws.appconversion.javaee.ee7.cdi.rules.java.ImplicitCDIBehaviorChange
févr. 19, 2024 1:55:08 PM ServiceLogger logRules
PLUS PRÉCIS: com.ibm.ws.appconversion.was2liberty.rules.xml.DynamicQueryRule
févr. 19, 2024 1:55:08 PM ServiceLogger logRules
PLUS PRÉCIS: com.ibm.rrd.liberty.rules.impl.javacodereview.DetectJWSDL
févr. 19, 2024 1:55:08 PM ServiceLogger logRules
PLUS PRÉCIS: appconversion.was2was.v80v85v90.removed.features.java
févr. 19, 2024 1:55:08 PM ServiceLogger logRules
PLUS PRÉCIS: com.ibm.ws.appconversion.was2liberty.rules.java.WorkAreaRule
févr. 19, 2024 1:55:08 PM ServiceLogger logRules
PLUS PRÉCIS: javaee8.xml.category
févr. 19, 2024 1:55:08 PM ServiceLogger logRules
PLUS PRÉCIS: javaee7.file.category.CDI
févr. 19, 2024 1:55:08 PM ServiceLogger logRules
PLUS PRÉCIS: appconversion.was2was.category.java
févr. 19, 2024 1:55:08 PM ServiceLogger logRules
PLUS PRÉCIS: com.ibm.ws.appconversion.jre.v180.rule.BigDecimalStripTrailingZeros
févr. 19, 2024 1:55:08 PM ServiceLogger logRules
PLUS PRÉCIS: com.ibm.ws.appconversion.javaee.ee7.cdi.rules.xml.BeansXmlNamespace
févr. 19, 2024 1:55:08 PM ServiceLogger logRules
PLUS PRÉCIS: com.ibm.ws.appconversion.was2liberty.rules.java.HiddenThirdPartyAPIInUseApache
févr. 19, 2024 1:55:08 PM ServiceLogger logRules
PLUS PRÉCIS: was2liberty.rules.java.WebSphereUnavailableAPIsAppClient
févr. 19, 2024 1:55:08 PM ServiceLogger logRules
PLUS PRÉCIS: com.ibm.ws.appconversion.was2liberty.rules.java.SOAPOverJMSRule
févr. 19, 2024 1:55:08 PM ServiceLogger logRules
PLUS PRÉCIS: com.ibm.ws.appconversion.was2liberty.rules.java.HiddenThirdPartyAPIInUseJackson
févr. 19, 2024 1:55:08 PM ServiceLogger logRules
PLUS PRÉCIS: com.ibm.rrd.liberty.rules.java.technology.profile.med
févr. 19, 2024 1:55:08 PM ServiceLogger logRules
PLUS PRÉCIS: com.ibm.ws.appconversion.javaee.ee7.servlet.rules.xml.InjectionTarget
févr. 19, 2024 1:55:08 PM ServiceLogger logRules
PLUS PRÉCIS: was2liberty.rules.java.WebSphereSdoRule
févr. 19, 2024 1:55:08 PM ServiceLogger logRules
PLUS PRÉCIS: com.ibm.rrd.liberty.rules.impl.xmlreview.DetectSIP
févr. 19, 2024 1:55:08 PM ServiceLogger logRules
PLUS PRÉCIS: appconversion.was2was.90.impacts.category.xml
févr. 19, 2024 1:55:08 PM ServiceLogger logRules
PLUS PRÉCIS: appconversion.jre.170.JREUrlConnectionGetInputStream
févr. 19, 2024 1:55:08 PM ServiceLogger logRules
PLUS PRÉCIS: com.ibm.ws.appconversion.javaee.ee7.cdi.rules.java.SpecializesBehaviorChange
févr. 19, 2024 1:55:08 PM ServiceLogger logRules
PLUS PRÉCIS: com.ibm.ws.appconversion.javaee.ee7.jpa.rules.java.OpenJpaPersistentCollection
févr. 19, 2024 1:55:08 PM ServiceLogger logRules
PLUS PRÉCIS: javaee8.java.category.JAX-RS
févr. 19, 2024 1:55:08 PM ServiceLogger logRules
PLUS PRÉCIS: appconversion.jre.170.JREToolkitGetPrintJob
févr. 19, 2024 1:55:08 PM ServiceLogger logRules
PLUS PRÉCIS: com.ibm.rrd.liberty.rules.impl.javacodereview.DetectSIP
févr. 19, 2024 1:55:08 PM ServiceLogger logRules
PLUS PRÉCIS: com.ibm.ws.appconversion.javaee.ee8.jsf.rules.java.JSFFacesBeanInterfacesDeprecation
févr. 19, 2024 1:55:08 PM ServiceLogger logRules
PLUS PRÉCIS: com.ibm.ws.appconversion.javaee.ee7.jpa.rules.java.TemporalConverter
févr. 19, 2024 1:55:08 PM ServiceLogger logRules
PLUS PRÉCIS: appconversion.was2was.category.xml
févr. 19, 2024 1:55:08 PM ServiceLogger logRules
PLUS PRÉCIS: com.ibm.ws.appconversion.javaee.ee7.jpa.rules.java.ColumnWithMapping
févr. 19, 2024 1:55:08 PM ServiceLogger logRules
PLUS PRÉCIS: com.ibm.ws.appconversion.javaee.ee7.jaxrs.rules.java.JacksonPackages
févr. 19, 2024 1:55:08 PM ServiceLogger logRules
PLUS PRÉCIS: javaee8.java.category.BeanValidation
févr. 19, 2024 1:55:08 PM ServiceLogger logRules
PLUS PRÉCIS: com.ibm.ws.appconversion.javaee.ee7.jpa.rules.java.ElementCollectionName
févr. 19, 2024 1:55:08 PM ServiceLogger logRules
PLUS PRÉCIS: appconversion.jre.170.JREMouseEventGetButton
févr. 19, 2024 1:55:08 PM ServiceLogger logRules
PLUS PRÉCIS: com.ibm.ws.appconversion.was2liberty.rules.java.SqlDriverRule
févr. 19, 2024 1:55:08 PM ServiceLogger logRules
PLUS PRÉCIS: appconversion.jre.170.category.java
févr. 19, 2024 1:55:08 PM ServiceLogger logRules
PLUS PRÉCIS: com.ibm.ws.appconversion.javaee.ee7.jaxrs.rules.java.AtomNotAvailable
févr. 19, 2024 1:55:08 PM ServiceLogger logRules
PLUS PRÉCIS: com.ibm.ws.appconversion.was2liberty.rules.java.HiddenThirdPartyAPIInUseCommonJLibertyCore
févr. 19, 2024 1:55:08 PM ServiceLogger logRules
PLUS PRÉCIS: com.ibm.rrd.liberty.rules.manifest.technology.profile
févr. 19, 2024 1:55:08 PM ServiceLogger logRules
PLUS PRÉCIS: was2liberty.rules.java.WebSphereUnavailableAPIsSecurity
févr. 19, 2024 1:55:08 PM ServiceLogger logRules
PLUS PRÉCIS: jar.files.category
févr. 19, 2024 1:55:08 PM ServiceLogger logRules
PLUS PRÉCIS: com.ibm.ws.appconversion.javaee.ee7.jaxrs.rules.java.ConsumesAndProducesAnnoCheck
févr. 19, 2024 1:55:08 PM ServiceLogger logRules
PLUS PRÉCIS: appconversion.was2was.90.impacts.removed.api.xml
févr. 19, 2024 1:55:08 PM ServiceLogger logScannedResource
PLUS PRÉCIS: L/DefaultApplication/EarContent/DefaultWebApplication_src.jar
févr. 19, 2024 1:55:08 PM ServiceLogger logScannedResource
PLUS PRÉCIS: L/Increment/build/classes/META-INF/MANIFEST.MF
févr. 19, 2024 1:55:08 PM ServiceLogger logScannedResource
PLUS PRÉCIS: L/Increment/build/classes/META-INF/backends/DERBY_V100_1/ibm_pmbab.properties
févr. 19, 2024 1:55:08 PM ServiceLogger logScannedResource
PLUS PRÉCIS: L/DefaultWebApplication/src/main/webapp/HelloHTML.jsp
févr. 19, 2024 1:55:08 PM ServiceLogger logScannedResource
PLUS PRÉCIS: L/DefaultWebApplication/src/main/webapp/banner.gif
févr. 19, 2024 1:55:08 PM ServiceLogger logScannedResource
PLUS PRÉCIS: L/DefaultApplication/EarContent/META-INF/MANIFEST.MF
févr. 19, 2024 1:55:08 PM ServiceLogger logScannedResource
PLUS PRÉCIS: L/DefaultApplication/.settings/org.eclipse.wst.common.project.facet.core.xml
févr. 19, 2024 1:55:08 PM ServiceLogger logScannedResource
PLUS PRÉCIS: L/DefaultWebApplication/src/main/webapp/WEB-INF/web.xml
févr. 19, 2024 1:55:08 PM ServiceLogger logScannedResource
PLUS PRÉCIS: L/Increment/build/classes/META-INF/ibm-ejb-jar-bnd.xmi
févr. 19, 2024 1:55:08 PM ServiceLogger logScannedResource
PLUS PRÉCIS: L/DefaultWebApplication/src/main/java/com/herve/CustomObject.java
févr. 19, 2024 1:55:08 PM ServiceLogger logScannedResource
PLUS PRÉCIS: L/Increment/ejbModule/META-INF/ejb-jar.xml
févr. 19, 2024 1:55:08 PM ServiceLogger logScannedResource
PLUS PRÉCIS: L/Increment/build/classes/META-INF/ibm_ejbext.properties
févr. 19, 2024 1:55:08 PM ServiceLogger logScannedResource
PLUS PRÉCIS: L/DefaultApplication/EarContent/META-INF/ibm-application-ext.xmi
févr. 19, 2024 1:55:08 PM ServiceLogger logScannedResource
PLUS PRÉCIS: L/DefaultWebApplication/src/main/webapp/HelloVXMLError.jsp
févr. 19, 2024 1:55:08 PM ServiceLogger logScannedResource
PLUS PRÉCIS: L/Increment/ejbModule/META-INF/backends/DERBY_V100_1/ibm_pmbab.properties
févr. 19, 2024 1:55:08 PM ServiceLogger logScannedResource
PLUS PRÉCIS: L/DefaultApplication/EarContent/Increment_src.jar
févr. 19, 2024 1:55:08 PM ServiceLogger logScannedResource
PLUS PRÉCIS: L/DefaultWebApplication/src/main/webapp/WEB-INF/ibm-web-ext.xmi
févr. 19, 2024 1:55:08 PM ServiceLogger logScannedResource
PLUS PRÉCIS: L/Increment/ejbModule/META-INF/ibm-ejb-jar-bnd.xmi
févr. 19, 2024 1:55:08 PM ServiceLogger logScannedResource
PLUS PRÉCIS: L/DefaultWebApplication/src/main/webapp/HelloHTMLError.jsp
févr. 19, 2024 1:55:08 PM ServiceLogger logScannedResource
PLUS PRÉCIS: L/DefaultWebApplication/src/main/java/HelloPervasiveServlet.java
févr. 19, 2024 1:55:08 PM ServiceLogger logScannedResource
PLUS PRÉCIS: L/Increment/build/classes/META-INF/ejb-jar.xml
févr. 19, 2024 1:55:08 PM ServiceLogger logScannedResource
PLUS PRÉCIS: L/DefaultWebApplication/src/main/webapp/HitCount.jsp
févr. 19, 2024 1:55:08 PM ServiceLogger logScannedResource
PLUS PRÉCIS: L/DefaultWebApplication/src/main/webapp/index.html
févr. 19, 2024 1:55:08 PM ServiceLogger logScannedResource
PLUS PRÉCIS: L/DefaultApplication/EarContent/WsaEJBDeployUtility.jar
févr. 19, 2024 1:55:08 PM ServiceLogger logScannedResource
PLUS PRÉCIS: L/DefaultWebApplication/src/main/webapp/WEB-INF/lib/WsaEJBDeployUtility.jar
févr. 19, 2024 1:55:08 PM ServiceLogger logScannedResource
PLUS PRÉCIS: L/Increment/build/classes/META-INF/ibm-ejb-jar-ext.xmi
févr. 19, 2024 1:55:08 PM ServiceLogger logScannedResource
PLUS PRÉCIS: L/DefaultWebApplication/.settings/org.eclipse.wst.common.project.facet.core.xml
févr. 19, 2024 1:55:08 PM ServiceLogger logScannedResource
PLUS PRÉCIS: L/DefaultWebApplication/src/main/webapp/META-INF/MANIFEST.MF
févr. 19, 2024 1:55:08 PM ServiceLogger logScannedResource
PLUS PRÉCIS: L/Increment/ejbModule/META-INF/ibm_ejbext.properties
févr. 19, 2024 1:55:08 PM ServiceLogger logScannedResource
PLUS PRÉCIS: L/DefaultWebApplication/src/main/webapp/WEB-INF/ibm-web-bnd.xmi
févr. 19, 2024 1:55:08 PM ServiceLogger logScannedResource
PLUS PRÉCIS: L/Increment/.project
févr. 19, 2024 1:55:08 PM ServiceLogger logScannedResource
PLUS PRÉCIS: L/DefaultWebApplication/.project
févr. 19, 2024 1:55:08 PM ServiceLogger logScannedResource
PLUS PRÉCIS: L/DefaultApplication/EarContent/META-INF/application.xml
févr. 19, 2024 1:55:08 PM ServiceLogger logScannedResource
PLUS PRÉCIS: L/DefaultWebApplication/src/main/java/SnoopServlet.java
févr. 19, 2024 1:55:08 PM ServiceLogger logScannedResource
PLUS PRÉCIS: L/DefaultApplication/.project
févr. 19, 2024 1:55:08 PM ServiceLogger logScannedResource
PLUS PRÉCIS: L/Increment/ejbModule/META-INF/ibm-ejb-jar-ext.xmi
févr. 19, 2024 1:55:08 PM ServiceLogger logScannedResource
PLUS PRÉCIS: L/DefaultApplication/EarContent/Increment.jar
févr. 19, 2024 1:55:08 PM ServiceLogger logScannedResource
PLUS PRÉCIS: L/DefaultWebApplication/src/main/webapp/HelloVXML.jsp
févr. 19, 2024 1:55:08 PM ServiceLogger logScannedResource
PLUS PRÉCIS: L/Increment/.settings/org.eclipse.wst.common.project.facet.core.xml
févr. 19, 2024 1:55:08 PM ServiceLogger logScannedResource
PLUS PRÉCIS: L/DefaultWebApplication/src/main/webapp/HelloWML.jsp
févr. 19, 2024 1:55:08 PM ServiceLogger logScannedResource
PLUS PRÉCIS: L/DefaultWebApplication/src/main/webapp/auth_error.jsp
févr. 19, 2024 1:55:08 PM ServiceLogger logScannedResource
PLUS PRÉCIS: L/DefaultWebApplication/src/main/webapp/HelloWMLError.jsp
févr. 19, 2024 1:55:08 PM ServiceLogger logScannedResource
PLUS PRÉCIS: L/DefaultApplication/EarContent/META-INF/ibm-application-bnd.xmi
févr. 19, 2024 1:55:08 PM ServiceLogger logScannedResource
PLUS PRÉCIS: L/Increment/ejbModule/META-INF/MANIFEST.MF
févr. 19, 2024 1:55:08 PM ServiceLogger logScannedResource
PLUS PRÉCIS: L/DefaultApplication/EarContent/DefaultDB/service.properties
